d:\documents\сповм\laba_5\fileconcat\debug\vc142.pdb
d:\documents\сповм\laba_5\fileconcat\debug\vc142.idb
d:\documents\сповм\laba_5\fileconcat\debug\source.obj
e:\взэм\сповм\лабы\код\laba_5\debug\fileconcat.lib
e:\взэм\сповм\лабы\код\laba_5\debug\fileconcat.exp
d:\documents\сповм\laba_5\debug\fileconcat.lib
d:\documents\сповм\laba_5\debug\fileconcat.exp
d:\documents\сповм\laba_5\debug\fileconcat.ilk
d:\documents\сповм\laba_5\debug\fileconcat.dll
d:\documents\сповм\laba_5\debug\fileconcat.pdb
d:\documents\сповм\laba_5\fileconcat\debug\vc141.idb
d:\documents\сповм\laba_5\fileconcat\debug\vc141.pdb
d:\documents\сповм\laba_5\fileconcat\debug\fileconcat.tlog\cl.command.1.tlog
d:\documents\сповм\laba_5\fileconcat\debug\fileconcat.tlog\cl.read.1.tlog
d:\documents\сповм\laba_5\fileconcat\debug\fileconcat.tlog\cl.write.1.tlog
d:\documents\сповм\laba_5\fileconcat\debug\fileconcat.tlog\fileconcat.write.1u.tlog
d:\documents\сповм\laba_5\fileconcat\debug\fileconcat.tlog\link.10952.delete.1.tlog
d:\documents\сповм\laba_5\fileconcat\debug\fileconcat.tlog\link.668.delete.1.tlog
d:\documents\сповм\laba_5\fileconcat\debug\fileconcat.tlog\link.command.1.tlog
d:\documents\сповм\laba_5\fileconcat\debug\fileconcat.tlog\link.delete.1.tlog
d:\documents\сповм\laba_5\fileconcat\debug\fileconcat.tlog\link.read.1.tlog
d:\documents\сповм\laba_5\fileconcat\debug\fileconcat.tlog\link.write.1.tlog
